# Logfile created on 2016-07-21 20:51:41 +0100 by logger.rb/47272
I, [2016-07-21T20:51:42.491244 #5285]  INFO -- : a
I, [2016-07-21T20:53:02.070245 #5482]  INFO -- : a
I, [2016-07-21T20:54:19.928163 #5570]  INFO -- : a
I, [2016-07-21T20:54:22.304497 #5589]  INFO -- : a
I, [2016-07-21T20:54:23.352690 #5607]  INFO -- : a
I, [2016-07-21T20:54:25.600535 #5625]  INFO -- : s
I, [2016-07-21T20:57:30.488481 #5788]  INFO -- : a
I, [2016-07-21T20:58:03.817011 #5860]  INFO -- : a
I, [2016-07-21T20:58:21.609867 #5906]  INFO -- : a
I, [2016-07-21T20:58:22.329270 #5906]  INFO -- : s
I, [2016-07-21T20:58:22.729203 #5906]  INFO -- : s
I, [2016-07-21T20:58:22.873443 #5906]  INFO -- : d
I, [2016-07-21T20:58:22.953397 #5906]  INFO -- : a
I, [2016-07-21T20:58:23.041540 #5906]  INFO -- : s
I, [2016-07-21T20:58:23.073552 #5906]  INFO -- : d
I, [2016-07-21T20:58:23.177453 #5906]  INFO -- : a
I, [2016-07-21T20:58:23.273449 #5906]  INFO -- : d
I, [2016-07-21T20:58:23.385524 #5906]  INFO -- : a
I, [2016-07-21T20:58:23.465664 #5906]  INFO -- : d
I, [2016-07-21T20:58:23.561386 #5906]  INFO -- : a
I, [2016-07-21T20:58:23.649630 #5906]  INFO -- : d
I, [2016-07-21T20:58:23.761249 #5906]  INFO -- : a
I, [2016-07-21T20:58:23.849362 #5906]  INFO -- : d
I, [2016-07-21T20:58:23.961521 #5906]  INFO -- : a
I, [2016-07-21T20:58:24.041514 #5906]  INFO -- : d
I, [2016-07-21T20:58:24.177398 #5906]  INFO -- : a
I, [2016-07-21T20:58:24.281605 #5906]  INFO -- : s
I, [2016-07-21T20:58:24.298865 #5906]  INFO -- : d
I, [2016-07-21T20:58:24.320933 #5906]  INFO -- : f
I, [2016-07-21T20:58:24.457403 #5906]  INFO -- : a
I, [2016-07-21T20:58:24.481450 #5906]  INFO -- : s
I, [2016-07-21T20:58:24.529314 #5906]  INFO -- : d
I, [2016-07-21T20:58:24.537628 #5906]  INFO -- : l
I, [2016-07-21T20:58:24.569380 #5906]  INFO -- : f
I, [2016-07-21T20:58:24.625261 #5906]  INFO -- : j
I, [2016-07-21T20:58:24.633682 #5906]  INFO -- : k
I, [2016-07-21T20:58:24.681435 #5906]  INFO -- : a
I, [2016-07-21T20:58:24.713722 #5906]  INFO -- : s
I, [2016-07-21T20:58:24.769461 #5906]  INFO -- : d
I, [2016-07-21T20:58:24.785453 #5906]  INFO -- : f
I, [2016-07-21T20:58:24.817377 #5906]  INFO -- : l
I, [2016-07-21T20:58:24.897684 #5906]  INFO -- : j
I, [2016-07-21T20:58:24.905400 #5906]  INFO -- : a
I, [2016-07-21T20:58:24.937313 #5906]  INFO -- : s
I, [2016-07-21T20:58:24.985155 #5906]  INFO -- : d
I, [2016-07-21T20:58:24.993379 #5906]  INFO -- : f
I, [2016-07-21T20:58:25.097445 #5906]  INFO -- : a
I, [2016-07-21T20:58:25.121914 #5906]  INFO -- : k
I, [2016-07-21T20:58:25.129597 #5906]  INFO -- : s
I, [2016-07-21T20:58:25.161497 #5906]  INFO -- : d
I, [2016-07-21T20:58:25.193459 #5906]  INFO -- : f
I, [2016-07-21T20:58:25.209591 #5906]  INFO -- : j
I, [2016-07-21T20:58:25.297665 #5906]  INFO -- : 195
I, [2016-07-21T20:58:29.810254 #5952]  INFO -- : d
I, [2016-07-21T20:58:29.873727 #5952]  INFO -- : a
I, [2016-07-21T20:58:29.945845 #5952]  INFO -- : s
I, [2016-07-21T20:58:30.009633 #5952]  INFO -- : d
I, [2016-07-21T20:58:30.097922 #5952]  INFO -- : a
I, [2016-07-21T20:58:30.185578 #5952]  INFO -- : s
I, [2016-07-21T20:58:30.233508 #5952]  INFO -- : d
I, [2016-07-21T20:58:30.305723 #5952]  INFO -- : a
I, [2016-07-21T20:58:30.393599 #5952]  INFO -- : d
I, [2016-07-21T20:58:30.497672 #5952]  INFO -- : a
I, [2016-07-21T20:58:30.577482 #5952]  INFO -- : d
I, [2016-07-21T20:58:30.588621 #5952]  INFO -- : s
I, [2016-07-21T20:58:30.705715 #5952]  INFO -- : a
I, [2016-07-21T20:58:30.793571 #5952]  INFO -- : d
I, [2016-07-21T20:58:30.905844 #5952]  INFO -- : a
I, [2016-07-21T20:58:31.009790 #5952]  INFO -- : d
I, [2016-07-21T20:58:31.249758 #5952]  INFO -- : a
I, [2016-07-21T20:58:31.266789 #5952]  INFO -- : k
I, [2016-07-21T20:58:31.313272 #5952]  INFO -- : s
I, [2016-07-21T20:58:31.337651 #5952]  INFO -- : j
I, [2016-07-21T20:58:31.361339 #5952]  INFO -- : d
I, [2016-07-21T20:58:31.417940 #5952]  INFO -- : h
I, [2016-07-21T20:58:32.433813 #5952]  INFO -- : 27
